<?xml version="1.0" encoding="UTF-8"?>
<testng-results skipped="0" failed="0" total="0" passed="0">
  <reporter-output>
  </reporter-output>
  <suite name="suryaseljava.javaintprograms.AppTest" duration-ms="3" started-at="2018-10-04T16:10:12Z" finished-at="2018-10-04T16:10:12Z">
    <groups>
    </groups>
    <test name="Command line test" duration-ms="3" started-at="2018-10-04T16:10:12Z" finished-at="2018-10-04T16:10:12Z">
    </test> <!-- Command line test -->
  </suite> <!-- suryaseljava.javaintprograms.AppTest -->
</testng-results>
